<?xml version="1.0" encoding="UTF-8"?>
<!-- Generated by org.testng.reporters.JUnitXMLReporter -->
<testsuite hostname="ADMINRG-5TR1J4C" ignored="0" name="Test2" tests="1" failures="0" timestamp="12 Dec 2018 10:41:21 GMT" time="0.014" errors="0">
  <testcase name="@BeforeTest beforeTest" time="0.001" classname="habit.CRM">
    <failure type="java.lang.NullPointerException">
      <![CDATA[java.lang.NullPointerException
at habit.CRM.beforeTest(CRM.java:26)
... Removed 24 stack frames]]>
    </failure>
  </testcase> <!-- @BeforeTest beforeTest -->
  <testcase name="@AfterTest afterTest" time="0.0" classname="habit.CRM">
    <skipped/>
  </testcase> <!-- @AfterTest afterTest -->
  <testcase name="f" time="0.0" classname="habit.CRM">
    <skipped/>
  </testcase> <!-- f -->
</testsuite> <!-- Test2 -->
