<?xml version="1.0" encoding="UTF-8"?>
<!-- Generated by org.testng.reporters.JUnitXMLReporter -->
<testsuite hostname="ADMINRG-5TR1J4C" ignored="0" name="Test1" tests="3" failures="3" timestamp="12 Dec 2018 10:41:21 GMT" time="6.621" errors="0">
  <testcase name="Login_invalid" time="0.02" classname="habit.habitos">
    <failure type="java.lang.NullPointerException">
      <![CDATA[java.lang.NullPointerException
at habit.habitos.Login_invalid(habitos.java:111)
... Removed 25 stack frames]]>
    </failure>
  </testcase> <!-- Login_invalid -->
  <testcase name="Login_valid" time="0.718" classname="habit.habitos">
    <failure type="java.lang.NullPointerException">
      <![CDATA[java.lang.NullPointerException
at habit.habitos.Login_valid(habitos.java:45)
... Removed 25 stack frames]]>
    </failure>
  </testcase> <!-- Login_valid -->
  <testcase name="boundary_valus" time="0.002" classname="habit.habitos">
    <failure type="java.lang.NullPointerException">
      <![CDATA[java.lang.NullPointerException
at habit.habitos.boundary_valus(habitos.java:200)
... Removed 25 stack frames]]>
    </failure>
  </testcase> <!-- boundary_valus -->
</testsuite> <!-- Test1 -->
